2020-04-07 10:38:44.700  INFO 38536 --- [Thread-1] o.s.s.concurrent.ThreadPoolTaskExecutor  : Shutting down ExecutorService 'applicationTaskExecutor'
2020-04-07 10:38:44.777  INFO 38536 --- [Thread-1] com.zaxxer.hikari.HikariDataSource       : HikariPool-1 - Shutdown initiated...
2020-04-07 10:38:44.821  INFO 38536 --- [Thread-1] com.zaxxer.hikari.HikariDataSource       : HikariPool-1 - Shutdown completed.
2020-04-07 10:38:47.052  INFO 38536 --- [restartedMain] c.e.community.CommunityApplication       : Starting CommunityApplication on DESKTOP-O8I92TC with PID 38536 (E:\project\ideaProject\community\target\classes started by 今天你学习了吗 in E:\project\ideaProject\community)
2020-04-07 10:38:47.054  INFO 38536 --- [restartedMain] c.e.community.CommunityApplication       : No active profile set, falling back to default profiles: default
2020-04-07 10:38:49.375  INFO 38536 --- [restartedMain] o.s.b.w.embedded.tomcat.TomcatWebServer  : Tomcat initialized with port(s): 8080 (http)
2020-04-07 10:38:49.377  INFO 38536 --- [restartedMain] o.apache.catalina.core.StandardService   : Starting service [Tomcat]
2020-04-07 10:38:49.378  INFO 38536 --- [restartedMain] org.apache.catalina.core.StandardEngine  : Starting Servlet engine: [Apache Tomcat/9.0.31]
2020-04-07 10:38:49.487  INFO 38536 --- [restartedMain] o.a.c.c.C.[Tomcat].[localhost].[/]       : Initializing Spring embedded WebApplicationContext
2020-04-07 10:38:49.489  INFO 38536 --- [restartedMain] o.s.web.context.ContextLoader            : Root WebApplicationContext: initialization completed in 2424 ms
2020-04-07 10:38:49.532  INFO 38536 --- [restartedMain] com.zaxxer.hikari.HikariDataSource       : HikariPool-2 - Starting...
2020-04-07 10:38:49.537  INFO 38536 --- [restartedMain] com.zaxxer.hikari.HikariDataSource       : HikariPool-2 - Start completed.
2020-04-07 10:38:49.538  INFO 38536 --- [restartedMain] o.s.b.a.h2.H2ConsoleAutoConfiguration    : H2 console available at '/h2-console'. Database available at 'jdbc:mysql://127.0.0.1/community?characterEncoding=utf-8&useSSL=false&allowMultiQueries=true&useLegacyDatetimeCode=false&serverTimezone=Asia/Taipei'
2020-04-07 10:38:50.122  WARN 38536 --- [restartedMain] c.b.m.core.injector.AbstractMethod       : [com.example.community.mapper.QuestionMapper.selectList] Has been loaded by XML or SqlProvider or Mybatis's Annotation, so ignoring this injection for [class com.baomidou.mybatisplus.core.injector.methods.SelectList]
2020-04-07 10:38:51.057  INFO 38536 --- [restartedMain] o.s.s.concurrent.ThreadPoolTaskExecutor  : Initializing ExecutorService 'applicationTaskExecutor'
2020-04-07 10:38:51.113  INFO 38536 --- [restartedMain] o.s.b.a.w.s.WelcomePageHandlerMapping    : Adding welcome page template: index
2020-04-07 10:38:51.738  INFO 38536 --- [restartedMain] o.s.b.d.a.OptionalLiveReloadServer       : LiveReload server is running on port 35729
2020-04-07 10:38:51.779  INFO 38536 --- [restartedMain] o.s.b.w.embedded.tomcat.TomcatWebServer  : Tomcat started on port(s): 8080 (http) with context path ''
2020-04-07 10:38:51.780  INFO 38536 --- [restartedMain] c.e.community.CommunityApplication       : Started CommunityApplication in 4.86 seconds (JVM running for 64438.265)
2020-04-07 10:38:51.783  INFO 38536 --- [restartedMain] .ConditionEvaluationDeltaLoggingListener : Condition evaluation unchanged
2020-04-07 11:06:13.120  INFO 38536 --- [Thread-11] o.s.s.concurrent.ThreadPoolTaskExecutor  : Shutting down ExecutorService 'applicationTaskExecutor'
2020-04-07 11:06:13.123  INFO 38536 --- [Thread-11] com.zaxxer.hikari.HikariDataSource       : HikariPool-2 - Shutdown initiated...
2020-04-07 11:06:13.133  INFO 38536 --- [Thread-11] com.zaxxer.hikari.HikariDataSource       : HikariPool-2 - Shutdown completed.
2020-04-07 11:06:13.972  INFO 38536 --- [restartedMain] c.e.community.CommunityApplication       : Starting CommunityApplication on DESKTOP-O8I92TC with PID 38536 (E:\project\ideaProject\community\target\classes started by 今天你学习了吗 in E:\project\ideaProject\community)
2020-04-07 11:06:13.973  INFO 38536 --- [restartedMain] c.e.community.CommunityApplication       : No active profile set, falling back to default profiles: default
2020-04-07 11:06:15.316  INFO 38536 --- [restartedMain] o.s.b.w.embedded.tomcat.TomcatWebServer  : Tomcat initialized with port(s): 8080 (http)
2020-04-07 11:06:15.320  INFO 38536 --- [restartedMain] o.apache.catalina.core.StandardService   : Starting service [Tomcat]
2020-04-07 11:06:15.321  INFO 38536 --- [restartedMain] org.apache.catalina.core.StandardEngine  : Starting Servlet engine: [Apache Tomcat/9.0.31]
2020-04-07 11:06:15.383  INFO 38536 --- [restartedMain] o.a.c.c.C.[Tomcat].[localhost].[/]       : Initializing Spring embedded WebApplicationContext
2020-04-07 11:06:15.384  INFO 38536 --- [restartedMain] o.s.web.context.ContextLoader            : Root WebApplicationContext: initialization completed in 1401 ms
2020-04-07 11:06:15.402  INFO 38536 --- [restartedMain] com.zaxxer.hikari.HikariDataSource       : HikariPool-3 - Starting...
2020-04-07 11:06:15.405  INFO 38536 --- [restartedMain] com.zaxxer.hikari.HikariDataSource       : HikariPool-3 - Start completed.
2020-04-07 11:06:15.409  INFO 38536 --- [restartedMain] o.s.b.a.h2.H2ConsoleAutoConfiguration    : H2 console available at '/h2-console'. Database available at 'jdbc:mysql://127.0.0.1/community?characterEncoding=utf-8&useSSL=false&allowMultiQueries=true&useLegacyDatetimeCode=false&serverTimezone=Asia/Taipei'
2020-04-07 11:06:15.598  WARN 38536 --- [restartedMain] c.b.m.core.injector.AbstractMethod       : [com.example.community.mapper.QuestionMapper.selectList] Has been loaded by XML or SqlProvider or Mybatis's Annotation, so ignoring this injection for [class com.baomidou.mybatisplus.core.injector.methods.SelectList]
2020-04-07 11:06:15.898  WARN 38536 --- [restartedMain] ConfigServletWebServerApplicationContext : Exception encountered during context initialization - cancelling refresh attempt: org.springframework.beans.factory.UnsatisfiedDependencyException: Error creating bean with name 'commentController': Unsatisfied dependency expressed through field 'commentService'; nested exception is org.springframework.beans.factory.NoSuchBeanDefinitionException: No qualifying bean of type 'com.example.community.service.impl.CommentServiceImpl' available: expected at least 1 bean which qualifies as autowire candidate. Dependency annotations: {@org.springframework.beans.factory.annotation.Autowired(required=true)}
2020-04-07 11:06:15.898  INFO 38536 --- [restartedMain] com.zaxxer.hikari.HikariDataSource       : HikariPool-3 - Shutdown initiated...
2020-04-07 11:06:15.904  INFO 38536 --- [restartedMain] com.zaxxer.hikari.HikariDataSource       : HikariPool-3 - Shutdown completed.
2020-04-07 11:06:15.905  INFO 38536 --- [restartedMain] o.apache.catalina.core.StandardService   : Stopping service [Tomcat]
2020-04-07 11:06:15.929  INFO 38536 --- [restartedMain] ConditionEvaluationReportLoggingListener : 

Error starting ApplicationContext. To display the conditions report re-run your application with 'debug' enabled.
2020-04-07 11:06:16.335 ERROR 38536 --- [restartedMain] o.s.b.d.LoggingFailureAnalysisReporter   : 

***************************
APPLICATION FAILED TO START
***************************

Description:

Field commentService in com.example.community.controller.CommentController required a bean of type 'com.example.community.service.impl.CommentServiceImpl' that could not be found.

The injection point has the following annotations:
	- @org.springframework.beans.factory.annotation.Autowired(required=true)


Action:

Consider defining a bean of type 'com.example.community.service.impl.CommentServiceImpl' in your configuration.

2020-04-07 11:07:04.670  INFO 38536 --- [restartedMain] c.e.community.CommunityApplication       : Starting CommunityApplication on DESKTOP-O8I92TC with PID 38536 (E:\project\ideaProject\community\target\classes started by 今天你学习了吗 in E:\project\ideaProject\community)
2020-04-07 11:07:04.671  INFO 38536 --- [restartedMain] c.e.community.CommunityApplication       : No active profile set, falling back to default profiles: default
2020-04-07 11:07:05.628  INFO 38536 --- [restartedMain] o.s.b.w.embedded.tomcat.TomcatWebServer  : Tomcat initialized with port(s): 8080 (http)
2020-04-07 11:07:05.629  INFO 38536 --- [restartedMain] o.apache.catalina.core.StandardService   : Starting service [Tomcat]
2020-04-07 11:07:05.631  INFO 38536 --- [restartedMain] org.apache.catalina.core.StandardEngine  : Starting Servlet engine: [Apache Tomcat/9.0.31]
2020-04-07 11:07:05.669  INFO 38536 --- [restartedMain] o.a.c.c.C.[Tomcat-1].[localhost].[/]     : Initializing Spring embedded WebApplicationContext
2020-04-07 11:07:05.669  INFO 38536 --- [restartedMain] o.s.web.context.ContextLoader            : Root WebApplicationContext: initialization completed in 987 ms
2020-04-07 11:07:05.701  INFO 38536 --- [restartedMain] com.zaxxer.hikari.HikariDataSource       : HikariPool-4 - Starting...
2020-04-07 11:07:05.705  INFO 38536 --- [restartedMain] com.zaxxer.hikari.HikariDataSource       : HikariPool-4 - Start completed.
2020-04-07 11:07:05.706  INFO 38536 --- [restartedMain] o.s.b.a.h2.H2ConsoleAutoConfiguration    : H2 console available at '/h2-console'. Database available at 'jdbc:mysql://127.0.0.1/community?characterEncoding=utf-8&useSSL=false&allowMultiQueries=true&useLegacyDatetimeCode=false&serverTimezone=Asia/Taipei'
2020-04-07 11:07:06.021  WARN 38536 --- [restartedMain] c.b.m.core.injector.AbstractMethod       : [com.example.community.mapper.QuestionMapper.selectList] Has been loaded by XML or SqlProvider or Mybatis's Annotation, so ignoring this injection for [class com.baomidou.mybatisplus.core.injector.methods.SelectList]
2020-04-07 11:07:06.903  INFO 38536 --- [restartedMain] o.s.s.concurrent.ThreadPoolTaskExecutor  : Initializing ExecutorService 'applicationTaskExecutor'
2020-04-07 11:07:06.945  INFO 38536 --- [restartedMain] o.s.b.a.w.s.WelcomePageHandlerMapping    : Adding welcome page template: index
2020-04-07 11:07:07.554  INFO 38536 --- [restartedMain] o.s.b.d.a.OptionalLiveReloadServer       : LiveReload server is running on port 35729
2020-04-07 11:07:07.618  INFO 38536 --- [restartedMain] o.s.b.w.embedded.tomcat.TomcatWebServer  : Tomcat started on port(s): 8080 (http) with context path ''
2020-04-07 11:07:07.619  INFO 38536 --- [restartedMain] c.e.community.CommunityApplication       : Started CommunityApplication in 3.022 seconds (JVM running for 66134.103)
2020-04-07 11:07:07.621  INFO 38536 --- [restartedMain] .ConditionEvaluationDeltaLoggingListener : Condition evaluation unchanged
2020-04-07 11:08:53.028  INFO 14568 --- [restartedMain] c.e.community.CommunityApplication       : Starting CommunityApplication on DESKTOP-O8I92TC with PID 14568 (E:\project\ideaProject\community\target\classes started by 今天你学习了吗 in E:\project\ideaProject\community)
2020-04-07 11:08:53.034  INFO 14568 --- [restartedMain] c.e.community.CommunityApplication       : No active profile set, falling back to default profiles: default
2020-04-07 11:08:53.262  INFO 14568 --- [restartedMain] .e.DevToolsPropertyDefaultsPostProcessor : Devtools property defaults active! Set 'spring.devtools.add-properties' to 'false' to disable
2020-04-07 11:08:53.263  INFO 14568 --- [restartedMain] .e.DevToolsPropertyDefaultsPostProcessor : For additional web related logging consider setting the 'logging.level.web' property to 'DEBUG'
2020-04-07 11:08:56.327  INFO 14568 --- [restartedMain] o.s.b.w.embedded.tomcat.TomcatWebServer  : Tomcat initialized with port(s): 8080 (http)
2020-04-07 11:08:56.340  INFO 14568 --- [restartedMain] o.apache.catalina.core.StandardService   : Starting service [Tomcat]
2020-04-07 11:08:56.340  INFO 14568 --- [restartedMain] org.apache.catalina.core.StandardEngine  : Starting Servlet engine: [Apache Tomcat/9.0.31]
2020-04-07 11:08:56.570  INFO 14568 --- [restartedMain] o.a.c.c.C.[Tomcat].[localhost].[/]       : Initializing Spring embedded WebApplicationContext
2020-04-07 11:08:56.571  INFO 14568 --- [restartedMain] o.s.web.context.ContextLoader            : Root WebApplicationContext: initialization completed in 3307 ms
2020-04-07 11:08:56.706  INFO 14568 --- [restartedMain] com.zaxxer.hikari.HikariDataSource       : HikariPool-1 - Starting...
2020-04-07 11:08:56.957  INFO 14568 --- [restartedMain] com.zaxxer.hikari.HikariDataSource       : HikariPool-1 - Start completed.
2020-04-07 11:08:56.964  INFO 14568 --- [restartedMain] o.s.b.a.h2.H2ConsoleAutoConfiguration    : H2 console available at '/h2-console'. Database available at 'jdbc:mysql://127.0.0.1/community?characterEncoding=utf-8&useSSL=false&allowMultiQueries=true&useLegacyDatetimeCode=false&serverTimezone=Asia/Taipei'
2020-04-07 11:08:58.107  WARN 14568 --- [restartedMain] c.b.m.core.injector.AbstractMethod       : [com.example.community.mapper.QuestionMapper.selectList] Has been loaded by XML or SqlProvider or Mybatis's Annotation, so ignoring this injection for [class com.baomidou.mybatisplus.core.injector.methods.SelectList]
2020-04-07 11:08:59.673  INFO 14568 --- [restartedMain] o.s.s.concurrent.ThreadPoolTaskExecutor  : Initializing ExecutorService 'applicationTaskExecutor'
2020-04-07 11:08:59.790  INFO 14568 --- [restartedMain] o.s.b.a.w.s.WelcomePageHandlerMapping    : Adding welcome page template: index
2020-04-07 11:09:00.913  INFO 14568 --- [restartedMain] o.s.b.d.a.OptionalLiveReloadServer       : LiveReload server is running on port 35729
2020-04-07 11:09:00.998  INFO 14568 --- [restartedMain] o.s.b.w.embedded.tomcat.TomcatWebServer  : Tomcat started on port(s): 8080 (http) with context path ''
2020-04-07 11:09:01.004  INFO 14568 --- [restartedMain] c.e.community.CommunityApplication       : Started CommunityApplication in 9.079 seconds (JVM running for 11.997)
2020-04-07 11:09:24.460  INFO 14568 --- [http-nio-8080-exec-1] o.a.c.c.C.[Tomcat].[localhost].[/]       : Initializing Spring DispatcherServlet 'dispatcherServlet'
2020-04-07 11:09:24.461  INFO 14568 --- [http-nio-8080-exec-1] o.s.web.servlet.DispatcherServlet        : Initializing Servlet 'dispatcherServlet'
2020-04-07 11:09:24.472  INFO 14568 --- [http-nio-8080-exec-1] o.s.web.servlet.DispatcherServlet        : Completed initialization in 10 ms
2020-04-07 11:09:37.244  WARN 14568 --- [http-nio-8080-exec-10] o.a.c.util.SessionIdGeneratorBase        : Creation of SecureRandom instance for session ID generation using [SHA1PRNG] took [221] milliseconds.
2020-04-07 11:09:44.652 ERROR 14568 --- [http-nio-8080-exec-7] c.e.c.controller.AuthorizeController     : github sign in fail,null
2020-04-07 11:10:03.049 ERROR 14568 --- [http-nio-8080-exec-4] c.e.c.controller.AuthorizeController     : github sign in fail,null
2020-04-07 11:10:43.808 ERROR 14568 --- [http-nio-8080-exec-9] c.e.c.controller.AuthorizeController     : github sign in fail,null
2020-04-07 11:11:16.988 ERROR 14568 --- [http-nio-8080-exec-10] c.e.c.controller.AuthorizeController     : github sign in fail,null
2020-04-07 11:15:23.773  INFO 14568 --- [http-nio-8080-exec-9] c.e.community.provider.GithubProvider    : json string 的信息,{"login":"150BigDream","id":50266150,"node_id":"MDQ6VXNlcjUwMjY2MTUw","avatar_url":"https://avatars3.githubusercontent.com/u/50266150?v=4","gravatar_id":"","url":"https://api.github.com/users/150BigDream","html_url":"https://github.com/150BigDream","followers_url":"https://api.github.com/users/150BigDream/followers","following_url":"https://api.github.com/users/150BigDream/following{/other_user}","gists_url":"https://api.github.com/users/150BigDream/gists{/gist_id}","starred_url":"https://api.github.com/users/150BigDream/starred{/owner}{/repo}","subscriptions_url":"https://api.github.com/users/150BigDream/subscriptions","organizations_url":"https://api.github.com/users/150BigDream/orgs","repos_url":"https://api.github.com/users/150BigDream/repos","events_url":"https://api.github.com/users/150BigDream/events{/privacy}","received_events_url":"https://api.github.com/users/150BigDream/received_events","type":"User","site_admin":false,"name":"圆润滚","company":null,"blog":"","location":null,"email":null,"hireable":null,"bio":null,"public_repos":5,"public_gists":0,"followers":0,"following":2,"created_at":"2019-05-04T12:17:55Z","updated_at":"2020-04-03T11:09:35Z","private_gists":0,"total_private_repos":0,"owned_private_repos":0,"disk_usage":2490,"collaborators":0,"two_factor_authentication":false,"plan":{"name":"free","space":976562499,"collaborators":0,"private_repos":10000}}
2020-04-07 11:44:48.536 ERROR 14568 --- [http-nio-8080-exec-4] c.e.c.controller.AuthorizeController     : github sign in fail,null
2020-04-07 11:45:21.429  INFO 14568 --- [http-nio-8080-exec-2] c.e.community.provider.GithubProvider    : json string 的信息,{"login":"150BigDream","id":50266150,"node_id":"MDQ6VXNlcjUwMjY2MTUw","avatar_url":"https://avatars3.githubusercontent.com/u/50266150?v=4","gravatar_id":"","url":"https://api.github.com/users/150BigDream","html_url":"https://github.com/150BigDream","followers_url":"https://api.github.com/users/150BigDream/followers","following_url":"https://api.github.com/users/150BigDream/following{/other_user}","gists_url":"https://api.github.com/users/150BigDream/gists{/gist_id}","starred_url":"https://api.github.com/users/150BigDream/starred{/owner}{/repo}","subscriptions_url":"https://api.github.com/users/150BigDream/subscriptions","organizations_url":"https://api.github.com/users/150BigDream/orgs","repos_url":"https://api.github.com/users/150BigDream/repos","events_url":"https://api.github.com/users/150BigDream/events{/privacy}","received_events_url":"https://api.github.com/users/150BigDream/received_events","type":"User","site_admin":false,"name":"圆润滚","company":null,"blog":"","location":null,"email":null,"hireable":null,"bio":null,"public_repos":5,"public_gists":0,"followers":0,"following":2,"created_at":"2019-05-04T12:17:55Z","updated_at":"2020-04-03T11:09:35Z","private_gists":0,"total_private_repos":0,"owned_private_repos":0,"disk_usage":2490,"collaborators":0,"two_factor_authentication":false,"plan":{"name":"free","space":976562499,"collaborators":0,"private_repos":10000}}
2020-04-07 11:48:55.285 ERROR 14568 --- [http-nio-8080-exec-10] c.e.c.controller.AuthorizeController     : github sign in fail,null
2020-04-07 11:50:15.089 ERROR 14568 --- [http-nio-8080-exec-5] c.e.c.controller.AuthorizeController     : github sign in fail,null
2020-04-07 13:05:37.899  INFO 14568 --- [http-nio-8080-exec-1] c.e.community.provider.GithubProvider    : json string 的信息,{"login":"150BigDream","id":50266150,"node_id":"MDQ6VXNlcjUwMjY2MTUw","avatar_url":"https://avatars3.githubusercontent.com/u/50266150?v=4","gravatar_id":"","url":"https://api.github.com/users/150BigDream","html_url":"https://github.com/150BigDream","followers_url":"https://api.github.com/users/150BigDream/followers","following_url":"https://api.github.com/users/150BigDream/following{/other_user}","gists_url":"https://api.github.com/users/150BigDream/gists{/gist_id}","starred_url":"https://api.github.com/users/150BigDream/starred{/owner}{/repo}","subscriptions_url":"https://api.github.com/users/150BigDream/subscriptions","organizations_url":"https://api.github.com/users/150BigDream/orgs","repos_url":"https://api.github.com/users/150BigDream/repos","events_url":"https://api.github.com/users/150BigDream/events{/privacy}","received_events_url":"https://api.github.com/users/150BigDream/received_events","type":"User","site_admin":false,"name":"圆润滚","company":null,"blog":"","location":null,"email":null,"hireable":null,"bio":null,"public_repos":5,"public_gists":0,"followers":0,"following":2,"created_at":"2019-05-04T12:17:55Z","updated_at":"2020-04-03T11:09:35Z","private_gists":0,"total_private_repos":0,"owned_private_repos":0,"disk_usage":2490,"collaborators":0,"two_factor_authentication":false,"plan":{"name":"free","space":976562499,"collaborators":0,"private_repos":10000}}
2020-04-07 13:05:57.705  WARN 14568 --- [http-nio-8080-exec-5] .m.m.a.ExceptionHandlerExceptionResolver : Resolved [com.example.community.exception.CustomizeException: 你找到问题不在了，要不要换个试试？]
2020-04-07 13:13:20.944  WARN 14568 --- [http-nio-8080-exec-7] .m.m.a.ExceptionHandlerExceptionResolver : Resolved [com.example.community.exception.CustomizeException: 你找到问题不在了，要不要换个试试？]
2020-04-07 13:19:52.928  INFO 40804 --- [restartedMain] c.e.community.CommunityApplication       : Starting CommunityApplication on DESKTOP-O8I92TC with PID 40804 (E:\project\ideaProject\community\target\classes started by 今天你学习了吗 in E:\project\ideaProject\community)
2020-04-07 13:19:52.934  INFO 40804 --- [restartedMain] c.e.community.CommunityApplication       : No active profile set, falling back to default profiles: default
2020-04-07 13:19:53.082  INFO 40804 --- [restartedMain] .e.DevToolsPropertyDefaultsPostProcessor : Devtools property defaults active! Set 'spring.devtools.add-properties' to 'false' to disable
2020-04-07 13:19:53.083  INFO 40804 --- [restartedMain] .e.DevToolsPropertyDefaultsPostProcessor : For additional web related logging consider setting the 'logging.level.web' property to 'DEBUG'
2020-04-07 13:19:56.372  INFO 40804 --- [restartedMain] o.s.b.w.embedded.tomcat.TomcatWebServer  : Tomcat initialized with port(s): 8080 (http)
2020-04-07 13:19:56.387  INFO 40804 --- [restartedMain] o.apache.catalina.core.StandardService   : Starting service [Tomcat]
2020-04-07 13:19:56.387  INFO 40804 --- [restartedMain] org.apache.catalina.core.StandardEngine  : Starting Servlet engine: [Apache Tomcat/9.0.31]
2020-04-07 13:19:56.719  INFO 40804 --- [restartedMain] o.a.c.c.C.[Tomcat].[localhost].[/]       : Initializing Spring embedded WebApplicationContext
2020-04-07 13:19:56.720  INFO 40804 --- [restartedMain] o.s.web.context.ContextLoader            : Root WebApplicationContext: initialization completed in 3636 ms
2020-04-07 13:19:56.775  INFO 40804 --- [restartedMain] com.zaxxer.hikari.HikariDataSource       : HikariPool-1 - Starting...
2020-04-07 13:19:56.938  INFO 40804 --- [restartedMain] com.zaxxer.hikari.HikariDataSource       : HikariPool-1 - Start completed.
2020-04-07 13:19:56.944  INFO 40804 --- [restartedMain] o.s.b.a.h2.H2ConsoleAutoConfiguration    : H2 console available at '/h2-console'. Database available at 'jdbc:mysql://127.0.0.1/community?characterEncoding=utf-8&useSSL=false&allowMultiQueries=true&useLegacyDatetimeCode=false&serverTimezone=Asia/Taipei'
2020-04-07 13:19:57.843  WARN 40804 --- [restartedMain] c.b.m.core.injector.AbstractMethod       : [com.example.community.mapper.QuestionMapper.selectList] Has been loaded by XML or SqlProvider or Mybatis's Annotation, so ignoring this injection for [class com.baomidou.mybatisplus.core.injector.methods.SelectList]
2020-04-07 13:19:58.835  INFO 40804 --- [restartedMain] o.s.s.concurrent.ThreadPoolTaskExecutor  : Initializing ExecutorService 'applicationTaskExecutor'
2020-04-07 13:19:58.973  INFO 40804 --- [restartedMain] o.s.b.a.w.s.WelcomePageHandlerMapping    : Adding welcome page template: index
2020-04-07 13:19:59.746  INFO 40804 --- [restartedMain] o.s.b.d.a.OptionalLiveReloadServer       : LiveReload server is running on port 35729
2020-04-07 13:19:59.818  INFO 40804 --- [restartedMain] o.s.b.w.embedded.tomcat.TomcatWebServer  : Tomcat started on port(s): 8080 (http) with context path ''
2020-04-07 13:19:59.822  INFO 40804 --- [restartedMain] c.e.community.CommunityApplication       : Started CommunityApplication in 7.579 seconds (JVM running for 9.707)
2020-04-07 13:20:11.121  INFO 40804 --- [http-nio-8080-exec-1] o.a.c.c.C.[Tomcat].[localhost].[/]       : Initializing Spring DispatcherServlet 'dispatcherServlet'
2020-04-07 13:20:11.123  INFO 40804 --- [http-nio-8080-exec-1] o.s.web.servlet.DispatcherServlet        : Initializing Servlet 'dispatcherServlet'
2020-04-07 13:20:11.131  INFO 40804 --- [http-nio-8080-exec-1] o.s.web.servlet.DispatcherServlet        : Completed initialization in 8 ms
2020-04-07 13:20:11.447  WARN 40804 --- [http-nio-8080-exec-1] o.a.c.util.SessionIdGeneratorBase        : Creation of SecureRandom instance for session ID generation using [SHA1PRNG] took [186] milliseconds.
2020-04-07 13:23:19.404  INFO 40804 --- [Thread-6] o.s.s.concurrent.ThreadPoolTaskExecutor  : Shutting down ExecutorService 'applicationTaskExecutor'
2020-04-07 13:23:19.406  INFO 40804 --- [Thread-6] com.zaxxer.hikari.HikariDataSource       : HikariPool-1 - Shutdown initiated...
2020-04-07 13:23:19.442  INFO 40804 --- [Thread-6] com.zaxxer.hikari.HikariDataSource       : HikariPool-1 - Shutdown completed.
2020-04-07 13:23:20.241  INFO 40804 --- [restartedMain] c.e.community.CommunityApplication       : Starting CommunityApplication on DESKTOP-O8I92TC with PID 40804 (E:\project\ideaProject\community\target\classes started by 今天你学习了吗 in E:\project\ideaProject\community)
2020-04-07 13:23:20.242  INFO 40804 --- [restartedMain] c.e.community.CommunityApplication       : No active profile set, falling back to default profiles: default
2020-04-07 13:23:21.267  INFO 40804 --- [restartedMain] o.s.b.w.embedded.tomcat.TomcatWebServer  : Tomcat initialized with port(s): 8080 (http)
2020-04-07 13:23:21.269  INFO 40804 --- [restartedMain] o.apache.catalina.core.StandardService   : Starting service [Tomcat]
2020-04-07 13:23:21.270  INFO 40804 --- [restartedMain] org.apache.catalina.core.StandardEngine  : Starting Servlet engine: [Apache Tomcat/9.0.31]
2020-04-07 13:23:21.378  INFO 40804 --- [restartedMain] o.a.c.c.C.[Tomcat].[localhost].[/]       : Initializing Spring embedded WebApplicationContext
2020-04-07 13:23:21.378  INFO 40804 --- [restartedMain] o.s.web.context.ContextLoader            : Root WebApplicationContext: initialization completed in 1124 ms
2020-04-07 13:23:21.404  INFO 40804 --- [restartedMain] com.zaxxer.hikari.HikariDataSource       : HikariPool-2 - Starting...
2020-04-07 13:23:21.407  INFO 40804 --- [restartedMain] com.zaxxer.hikari.HikariDataSource       : HikariPool-2 - Start completed.
2020-04-07 13:23:21.408  INFO 40804 --- [restartedMain] o.s.b.a.h2.H2ConsoleAutoConfiguration    : H2 console available at '/h2-console'. Database available at 'jdbc:mysql://127.0.0.1/community?characterEncoding=utf-8&useSSL=false&allowMultiQueries=true&useLegacyDatetimeCode=false&serverTimezone=Asia/Taipei'
2020-04-07 13:23:21.614  WARN 40804 --- [restartedMain] c.b.m.core.injector.AbstractMethod       : [com.example.community.mapper.QuestionMapper.selectList] Has been loaded by XML or SqlProvider or Mybatis's Annotation, so ignoring this injection for [class com.baomidou.mybatisplus.core.injector.methods.SelectList]
2020-04-07 13:23:22.109  INFO 40804 --- [restartedMain] o.s.s.concurrent.ThreadPoolTaskExecutor  : Initializing ExecutorService 'applicationTaskExecutor'
2020-04-07 13:23:22.134  INFO 40804 --- [restartedMain] o.s.b.a.w.s.WelcomePageHandlerMapping    : Adding welcome page template: index
2020-04-07 13:23:22.581  INFO 40804 --- [restartedMain] o.s.b.d.a.OptionalLiveReloadServer       : LiveReload server is running on port 35729
2020-04-07 13:23:22.622  INFO 40804 --- [restartedMain] o.s.b.w.embedded.tomcat.TomcatWebServer  : Tomcat started on port(s): 8080 (http) with context path ''
2020-04-07 13:23:22.623  INFO 40804 --- [restartedMain] c.e.community.CommunityApplication       : Started CommunityApplication in 2.476 seconds (JVM running for 212.508)
2020-04-07 13:23:22.626  INFO 40804 --- [restartedMain] .ConditionEvaluationDeltaLoggingListener : Condition evaluation unchanged
2020-04-07 13:23:22.638  INFO 40804 --- [http-nio-8080-exec-2] o.a.c.c.C.[Tomcat].[localhost].[/]       : Initializing Spring DispatcherServlet 'dispatcherServlet'
2020-04-07 13:23:22.639  INFO 40804 --- [http-nio-8080-exec-2] o.s.web.servlet.DispatcherServlet        : Initializing Servlet 'dispatcherServlet'
2020-04-07 13:23:22.643  INFO 40804 --- [http-nio-8080-exec-2] o.s.web.servlet.DispatcherServlet        : Completed initialization in 4 ms
2020-04-07 13:23:58.679  INFO 21948 --- [restartedMain] c.e.community.CommunityApplication       : Starting CommunityApplication on DESKTOP-O8I92TC with PID 21948 (E:\project\ideaProject\community\target\classes started by 今天你学习了吗 in E:\project\ideaProject\community)
2020-04-07 13:23:58.686  INFO 21948 --- [restartedMain] c.e.community.CommunityApplication       : No active profile set, falling back to default profiles: default
2020-04-07 13:23:58.825  INFO 21948 --- [restartedMain] .e.DevToolsPropertyDefaultsPostProcessor : Devtools property defaults active! Set 'spring.devtools.add-properties' to 'false' to disable
2020-04-07 13:23:58.826  INFO 21948 --- [restartedMain] .e.DevToolsPropertyDefaultsPostProcessor : For additional web related logging consider setting the 'logging.level.web' property to 'DEBUG'
2020-04-07 13:24:01.093  INFO 21948 --- [restartedMain] o.s.b.w.embedded.tomcat.TomcatWebServer  : Tomcat initialized with port(s): 8080 (http)
2020-04-07 13:24:01.104  INFO 21948 --- [restartedMain] o.apache.catalina.core.StandardService   : Starting service [Tomcat]
2020-04-07 13:24:01.105  INFO 21948 --- [restartedMain] org.apache.catalina.core.StandardEngine  : Starting Servlet engine: [Apache Tomcat/9.0.31]
2020-04-07 13:24:01.251  INFO 21948 --- [restartedMain] o.a.c.c.C.[Tomcat].[localhost].[/]       : Initializing Spring embedded WebApplicationContext
2020-04-07 13:24:01.252  INFO 21948 --- [restartedMain] o.s.web.context.ContextLoader            : Root WebApplicationContext: initialization completed in 2426 ms
2020-04-07 13:24:01.327  INFO 21948 --- [restartedMain] com.zaxxer.hikari.HikariDataSource       : HikariPool-1 - Starting...
2020-04-07 13:24:01.591  INFO 21948 --- [restartedMain] com.zaxxer.hikari.HikariDataSource       : HikariPool-1 - Start completed.
2020-04-07 13:24:01.596  INFO 21948 --- [restartedMain] o.s.b.a.h2.H2ConsoleAutoConfiguration    : H2 console available at '/h2-console'. Database available at 'jdbc:mysql://127.0.0.1/community?characterEncoding=utf-8&useSSL=false&allowMultiQueries=true&useLegacyDatetimeCode=false&serverTimezone=Asia/Taipei'
2020-04-07 13:24:02.612  WARN 21948 --- [restartedMain] c.b.m.core.injector.AbstractMethod       : [com.example.community.mapper.QuestionMapper.selectList] Has been loaded by XML or SqlProvider or Mybatis's Annotation, so ignoring this injection for [class com.baomidou.mybatisplus.core.injector.methods.SelectList]
2020-04-07 13:24:03.650  INFO 21948 --- [restartedMain] o.s.s.concurrent.ThreadPoolTaskExecutor  : Initializing ExecutorService 'applicationTaskExecutor'
2020-04-07 13:24:03.760  INFO 21948 --- [restartedMain] o.s.b.a.w.s.WelcomePageHandlerMapping    : Adding welcome page template: index
2020-04-07 13:24:04.388  INFO 21948 --- [restartedMain] o.s.b.d.a.OptionalLiveReloadServer       : LiveReload server is running on port 35729
2020-04-07 13:24:04.442  INFO 21948 --- [restartedMain] o.s.b.w.embedded.tomcat.TomcatWebServer  : Tomcat started on port(s): 8080 (http) with context path ''
2020-04-07 13:24:04.445  INFO 21948 --- [restartedMain] c.e.community.CommunityApplication       : Started CommunityApplication in 6.324 seconds (JVM running for 7.971)
2020-04-07 13:24:10.001  INFO 21948 --- [http-nio-8080-exec-1] o.a.c.c.C.[Tomcat].[localhost].[/]       : Initializing Spring DispatcherServlet 'dispatcherServlet'
2020-04-07 13:24:10.003  INFO 21948 --- [http-nio-8080-exec-1] o.s.web.servlet.DispatcherServlet        : Initializing Servlet 'dispatcherServlet'
2020-04-07 13:24:10.012  INFO 21948 --- [http-nio-8080-exec-1] o.s.web.servlet.DispatcherServlet        : Completed initialization in 9 ms
2020-04-07 13:24:10.348  WARN 21948 --- [http-nio-8080-exec-1] o.a.c.util.SessionIdGeneratorBase        : Creation of SecureRandom instance for session ID generation using [SHA1PRNG] took [216] milliseconds.
2020-04-07 13:24:18.640  WARN 21948 --- [http-nio-8080-exec-6] .m.m.a.ExceptionHandlerExceptionResolver : Resolved [org.springframework.jdbc.BadSqlGrammarException: 
### Error querying database.  Cause: java.sql.SQLSyntaxErrorException: You have an error in your SQL syntax; check the manual that corresponds to your MySQL server version for the right syntax to use near 'where receiver=14 limit 0,5' at line 1
### The error may exist in com/example/community/mapper/NotificationMapper.java (best guess)
### The error may involve com.example.community.mapper.NotificationMapper.selectListByUserId-Inline
### The error occurred while setting parameters
### SQL: select * from notification ORDER BY gmt_create DESC where receiver=? limit ?,?
### Cause: java.sql.SQLSyntaxErrorException: You have an error in your SQL syntax; check the manual that corresponds to your MySQL server version for the right syntax to use near 'where receiver=14 limit 0,5' at line 1
; bad SQL grammar []; nested exception is java.sql.SQLSyntaxErrorException: You have an error in your SQL syntax; check the manual that corresponds to your MySQL server version for the right syntax to use near 'where receiver=14 limit 0,5' at line 1]
